<?xml version="1.0" encoding="UTF-8"?>
<!-- Generated by org.testng.reporters.JUnitReportReporter -->
<testsuite hostname="QE14140111041" name="com.stocktests.Testngcategry" tests="1" failures="0" timestamp="3 Aug 2016 07:07:05 GMT" time="22.199" errors="0">
  <testcase name="stockAcc_Cat" time="22.199" classname="com.stocktests.Testngcategry"/>
</testsuite> <!-- com.stocktests.Testngcategry -->
