<?xml version="1.0" encoding="UTF-8"?>
<!-- Generated by org.testng.reporters.JUnitReportReporter -->
<testsuite hostname="QE14140111041" name="com.stocktests.Testngsuppliercreation" tests="1" failures="0" timestamp="3 Aug 2016 04:51:27 GMT" time="16.937" errors="0">
  <testcase name="stockAcc_Suppcre" time="16.937" classname="com.stocktests.Testngsuppliercreation"/>
</testsuite> <!-- com.stocktests.Testngsuppliercreation -->
