<?xml version="1.0" encoding="UTF-8"?>
<!-- Generated by org.testng.reporters.JUnitReportReporter -->
<testsuite hostname="QE14140111041" name="com.stocktests.Keyworddata" tests="1" failures="0" timestamp="4 Aug 2016 05:25:07 GMT" time="63.853" errors="0">
  <testcase name="driver" time="63.853" classname="com.stocktests.Keyworddata"/>
</testsuite> <!-- com.stocktests.Keyworddata -->
